0 info it worked if it ends with ok
1 verbose cli [ '/usr/local/bin/node',
1 verbose cli   '/usr/local/bin/npm',
1 verbose cli   'i',
1 verbose cli   'passport',
1 verbose cli   'passport-vk',
1 verbose cli   'passport-facebook' ]
2 info using npm@1.4.28
3 info using node@v0.10.32
4 verbose readDependencies using package.json deps
5 verbose cache add [ 'passport@^0.3.2', null ]
6 verbose cache add name=undefined spec="passport@^0.3.2" args=["passport@^0.3.2",null]
7 verbose parsed url { protocol: null,
7 verbose parsed url   slashes: null,
7 verbose parsed url   auth: null,
7 verbose parsed url   host: null,
7 verbose parsed url   port: null,
7 verbose parsed url   hostname: null,
7 verbose parsed url   hash: null,
7 verbose parsed url   search: null,
7 verbose parsed url   query: null,
7 verbose parsed url   pathname: 'passport@^0.3.2',
7 verbose parsed url   path: 'passport@^0.3.2',
7 verbose parsed url   href: 'passport@^0.3.2' }
8 verbose cache add [ 'passport-vk', null ]
9 verbose cache add name=undefined spec="passport-vk" args=["passport-vk",null]
10 verbose parsed url { protocol: null,
10 verbose parsed url   slashes: null,
10 verbose parsed url   auth: null,
10 verbose parsed url   host: null,
10 verbose parsed url   port: null,
10 verbose parsed url   hostname: null,
10 verbose parsed url   hash: null,
10 verbose parsed url   search: null,
10 verbose parsed url   query: null,
10 verbose parsed url   pathname: 'passport-vk',
10 verbose parsed url   path: 'passport-vk',
10 verbose parsed url   href: 'passport-vk' }
11 verbose cache add [ 'passport-facebook@^2.1.0', null ]
12 verbose cache add name=undefined spec="passport-facebook@^2.1.0" args=["passport-facebook@^2.1.0",null]
13 verbose parsed url { protocol: null,
13 verbose parsed url   slashes: null,
13 verbose parsed url   auth: null,
13 verbose parsed url   host: null,
13 verbose parsed url   port: null,
13 verbose parsed url   hostname: null,
13 verbose parsed url   hash: null,
13 verbose parsed url   search: null,
13 verbose parsed url   query: null,
13 verbose parsed url   pathname: 'passport-facebook@^2.1.0',
13 verbose parsed url   path: 'passport-facebook@^2.1.0',
13 verbose parsed url   href: 'passport-facebook@^2.1.0' }
14 verbose cache add name="passport" spec="^0.3.2" args=["passport","^0.3.2"]
15 verbose parsed url { protocol: null,
15 verbose parsed url   slashes: null,
15 verbose parsed url   auth: null,
15 verbose parsed url   host: null,
15 verbose parsed url   port: null,
15 verbose parsed url   hostname: null,
15 verbose parsed url   hash: null,
15 verbose parsed url   search: null,
15 verbose parsed url   query: null,
15 verbose parsed url   pathname: '^0.3.2',
15 verbose parsed url   path: '^0.3.2',
15 verbose parsed url   href: '^0.3.2' }
16 verbose addNamed [ 'passport', '^0.3.2' ]
17 verbose addNamed [ null, '>=0.3.2-0 <0.4.0-0' ]
18 verbose cache add name="passport-facebook" spec="^2.1.0" args=["passport-facebook","^2.1.0"]
19 verbose parsed url { protocol: null,
19 verbose parsed url   slashes: null,
19 verbose parsed url   auth: null,
19 verbose parsed url   host: null,
19 verbose parsed url   port: null,
19 verbose parsed url   hostname: null,
19 verbose parsed url   hash: null,
19 verbose parsed url   search: null,
19 verbose parsed url   query: null,
19 verbose parsed url   pathname: '^2.1.0',
19 verbose parsed url   path: '^2.1.0',
19 verbose parsed url   href: '^2.1.0' }
20 verbose addNamed [ 'passport-facebook', '^2.1.0' ]
21 verbose addNamed [ null, '>=2.1.0-0 <3.0.0-0' ]
22 silly lockFile 3380c752-passport-0-3-2 passport@^0.3.2
23 verbose lock passport@^0.3.2 /root/.npm/3380c752-passport-0-3-2.lock
24 silly lockFile fb0aa75d-passport-vk passport-vk
25 verbose lock passport-vk /root/.npm/fb0aa75d-passport-vk.lock
26 silly lockFile 60e2ac17-passport-facebook-2-1-0 passport-facebook@^2.1.0
27 verbose lock passport-facebook@^2.1.0 /root/.npm/60e2ac17-passport-facebook-2-1-0.lock
28 silly addNameRange { name: 'passport', range: '>=0.3.2-0 <0.4.0-0', hasData: false }
29 silly lockFile fb0aa75d-passport-vk passport-vk
30 silly lockFile fb0aa75d-passport-vk passport-vk
31 silly addNameRange { name: 'passport-facebook',
31 silly addNameRange   range: '>=2.1.0-0 <3.0.0-0',
31 silly addNameRange   hasData: false }
32 verbose request where is /passport
33 verbose request registry https://registry.npmjs.org/
34 verbose request id 7839d6bb484db582
35 verbose url raw /passport
36 verbose url resolving [ 'https://registry.npmjs.org/', './passport' ]
37 verbose url resolved https://registry.npmjs.org/passport
38 verbose request where is https://registry.npmjs.org/passport
39 info trying registry request attempt 1 at 18:52:07
40 http GET https://registry.npmjs.org/passport
41 verbose addNamed [ 'passport-vk', '' ]
42 verbose addNamed [ null, '*' ]
43 silly lockFile 8874c40e-passport-vk passport-vk@
44 verbose lock passport-vk@ /root/.npm/8874c40e-passport-vk.lock
45 verbose request where is /passport-facebook
46 verbose request registry https://registry.npmjs.org/
47 verbose url raw /passport-facebook
48 verbose url resolving [ 'https://registry.npmjs.org/', './passport-facebook' ]
49 verbose url resolved https://registry.npmjs.org/passport-facebook
50 verbose request where is https://registry.npmjs.org/passport-facebook
51 info trying registry request attempt 1 at 18:52:07
52 http GET https://registry.npmjs.org/passport-facebook
53 silly addNameRange { name: 'passport-vk', range: '*', hasData: false }
54 verbose request where is /passport-vk
55 verbose request registry https://registry.npmjs.org/
56 verbose url raw /passport-vk
57 verbose url resolving [ 'https://registry.npmjs.org/', './passport-vk' ]
58 verbose url resolved https://registry.npmjs.org/passport-vk
59 verbose request where is https://registry.npmjs.org/passport-vk
60 info trying registry request attempt 1 at 18:52:07
61 http GET https://registry.npmjs.org/passport-vk
62 http 200 https://registry.npmjs.org/passport
63 silly registry.get cb [ 200,
63 silly registry.get   { server: 'CouchDB/1.5.0 (Erlang OTP/R16B03)',
63 silly registry.get     etag: '"52J08K92D8AYXIFIB337TAWRV"',
63 silly registry.get     'content-type': 'application/json',
63 silly registry.get     'cache-control': 'max-age=300',
63 silly registry.get     'content-length': '42233',
63 silly registry.get     'accept-ranges': 'bytes',
63 silly registry.get     date: 'Thu, 24 Mar 2016 22:52:07 GMT',
63 silly registry.get     via: '1.1 varnish',
63 silly registry.get     age: '184',
63 silly registry.get     connection: 'keep-alive',
63 silly registry.get     'x-served-by': 'cache-lcy1131-LCY',
63 silly registry.get     'x-cache': 'HIT',
63 silly registry.get     'x-cache-hits': '1',
63 silly registry.get     'x-timer': 'S1458859927.600816,VS0,VE0',
63 silly registry.get     vary: 'Accept' } ]
64 http 200 https://registry.npmjs.org/passport-facebook
65 silly registry.get cb [ 200,
65 silly registry.get   { server: 'CouchDB/1.5.0 (Erlang OTP/R16B03)',
65 silly registry.get     etag: '"DW4U7MOS15C3WEOCM28ZRHT9A"',
65 silly registry.get     'content-type': 'application/json',
65 silly registry.get     'cache-control': 'max-age=300',
65 silly registry.get     'content-length': '24359',
65 silly registry.get     'accept-ranges': 'bytes',
65 silly registry.get     date: 'Thu, 24 Mar 2016 22:52:07 GMT',
65 silly registry.get     via: '1.1 varnish',
65 silly registry.get     age: '102',
65 silly registry.get     connection: 'keep-alive',
65 silly registry.get     'x-served-by': 'cache-lcy1132-LCY',
65 silly registry.get     'x-cache': 'HIT',
65 silly registry.get     'x-cache-hits': '1',
65 silly registry.get     'x-timer': 'S1458859927.602805,VS0,VE0',
65 silly registry.get     vary: 'Accept' } ]
66 silly addNameRange number 2 { name: 'passport', range: '>=0.3.2-0 <0.4.0-0', hasData: true }
67 silly addNameRange versions [ 'passport',
67 silly addNameRange   [ '0.1.0',
67 silly addNameRange     '0.1.1',
67 silly addNameRange     '0.1.2',
67 silly addNameRange     '0.1.3',
67 silly addNameRange     '0.1.4',
67 silly addNameRange     '0.1.5',
67 silly addNameRange     '0.1.6',
67 silly addNameRange     '0.1.7',
67 silly addNameRange     '0.1.8',
67 silly addNameRange     '0.1.9',
67 silly addNameRange     '0.1.10',
67 silly addNameRange     '0.1.11',
67 silly addNameRange     '0.1.12',
67 silly addNameRange     '0.1.13',
67 silly addNameRange     '0.1.14',
67 silly addNameRange     '0.1.15',
67 silly addNameRange     '0.1.16',
67 silly addNameRange     '0.1.17',
67 silly addNameRange     '0.1.18',
67 silly addNameRange     '0.2.0',
67 silly addNameRange     '0.2.1',
67 silly addNameRange     '0.2.2',
67 silly addNameRange     '0.3.0',
67 silly addNameRange     '0.3.1',
67 silly addNameRange     '0.3.2' ] ]
68 verbose addNamed [ 'passport', '0.3.2' ]
69 verbose addNamed [ '0.3.2', '0.3.2' ]
70 silly lockFile 0030c36f-passport-0-3-2 passport@0.3.2
71 verbose lock passport@0.3.2 /root/.npm/0030c36f-passport-0-3-2.lock
72 silly addNameRange number 2 { name: 'passport-facebook',
72 silly addNameRange   range: '>=2.1.0-0 <3.0.0-0',
72 silly addNameRange   hasData: true }
73 silly addNameRange versions [ 'passport-facebook',
73 silly addNameRange   [ '0.1.0',
73 silly addNameRange     '0.1.1',
73 silly addNameRange     '0.1.2',
73 silly addNameRange     '0.1.3',
73 silly addNameRange     '0.1.4',
73 silly addNameRange     '0.1.5',
73 silly addNameRange     '0.1.6',
73 silly addNameRange     '1.0.0',
73 silly addNameRange     '1.0.1',
73 silly addNameRange     '1.0.2',
73 silly addNameRange     '1.0.3',
73 silly addNameRange     '2.0.0',
73 silly addNameRange     '2.1.0' ] ]
74 verbose addNamed [ 'passport-facebook', '2.1.0' ]
75 verbose addNamed [ '2.1.0', '2.1.0' ]
76 silly lockFile 9f316788-passport-facebook-2-1-0 passport-facebook@2.1.0
77 verbose lock passport-facebook@2.1.0 /root/.npm/9f316788-passport-facebook-2-1-0.lock
78 silly lockFile 97243a67--org-passport-passport-0-3-2-tgz https://registry.npmjs.org/passport/-/passport-0.3.2.tgz
79 verbose lock https://registry.npmjs.org/passport/-/passport-0.3.2.tgz /root/.npm/97243a67--org-passport-passport-0-3-2-tgz.lock
80 silly lockFile 09444e4c-book-passport-facebook-2-1-0-tgz https://registry.npmjs.org/passport-facebook/-/passport-facebook-2.1.0.tgz
81 verbose lock https://registry.npmjs.org/passport-facebook/-/passport-facebook-2.1.0.tgz /root/.npm/09444e4c-book-passport-facebook-2-1-0-tgz.lock
82 verbose addRemoteTarball [ 'https://registry.npmjs.org/passport/-/passport-0.3.2.tgz',
82 verbose addRemoteTarball   '9dd009f915e8fe095b0124a01b8f82da07510102' ]
83 verbose addRemoteTarball [ 'https://registry.npmjs.org/passport-facebook/-/passport-facebook-2.1.0.tgz',
83 verbose addRemoteTarball   '41f591557fc209b621be79a3b37be395ca5de4d0' ]
84 info retry fetch attempt 1 at 18:52:07
85 verbose fetch to= /tmp/npm-29896-TufYOXEr/registry.npmjs.org/passport/-/passport-0.3.2.tgz
86 http GET https://registry.npmjs.org/passport/-/passport-0.3.2.tgz
87 info retry fetch attempt 1 at 18:52:07
88 verbose fetch to= /tmp/npm-29896-TufYOXEr/registry.npmjs.org/passport-facebook/-/passport-facebook-2.1.0.tgz
89 http GET https://registry.npmjs.org/passport-facebook/-/passport-facebook-2.1.0.tgz
90 http 200 https://registry.npmjs.org/passport-facebook/-/passport-facebook-2.1.0.tgz
91 silly lockFile 09444e4c-book-passport-facebook-2-1-0-tgz https://registry.npmjs.org/passport-facebook/-/passport-facebook-2.1.0.tgz
92 silly lockFile 09444e4c-book-passport-facebook-2-1-0-tgz https://registry.npmjs.org/passport-facebook/-/passport-facebook-2.1.0.tgz
93 silly lockFile 9f316788-passport-facebook-2-1-0 passport-facebook@2.1.0
94 silly lockFile 9f316788-passport-facebook-2-1-0 passport-facebook@2.1.0
95 silly lockFile 60e2ac17-passport-facebook-2-1-0 passport-facebook@^2.1.0
96 silly lockFile 60e2ac17-passport-facebook-2-1-0 passport-facebook@^2.1.0
97 http 200 https://registry.npmjs.org/passport/-/passport-0.3.2.tgz
98 silly lockFile 97243a67--org-passport-passport-0-3-2-tgz https://registry.npmjs.org/passport/-/passport-0.3.2.tgz
99 silly lockFile 97243a67--org-passport-passport-0-3-2-tgz https://registry.npmjs.org/passport/-/passport-0.3.2.tgz
100 silly lockFile 0030c36f-passport-0-3-2 passport@0.3.2
101 silly lockFile 0030c36f-passport-0-3-2 passport@0.3.2
102 silly lockFile 3380c752-passport-0-3-2 passport@^0.3.2
103 silly lockFile 3380c752-passport-0-3-2 passport@^0.3.2
104 http 404 https://registry.npmjs.org/passport-vk
105 silly registry.get cb [ 404,
105 silly registry.get   { 'content-type': 'application/json',
105 silly registry.get     'cache-control': 'max-age=0',
105 silly registry.get     'content-length': '2',
105 silly registry.get     'accept-ranges': 'bytes',
105 silly registry.get     date: 'Thu, 24 Mar 2016 22:52:08 GMT',
105 silly registry.get     via: '1.1 varnish',
105 silly registry.get     age: '0',
105 silly registry.get     connection: 'keep-alive',
105 silly registry.get     'x-served-by': 'cache-lcy1120-LCY',
105 silly registry.get     'x-cache': 'MISS',
105 silly registry.get     'x-cache-hits': '0',
105 silly registry.get     'x-timer': 'S1458859927.605698,VS0,VE706' } ]
106 silly lockFile 8874c40e-passport-vk passport-vk@
107 silly lockFile 8874c40e-passport-vk passport-vk@
108 error 404 Not Found
108 error 404
108 error 404 'passport-vk' is not in the npm registry.
108 error 404 You should bug the author to publish it
108 error 404 It was specified as a dependency of 'science'
108 error 404
108 error 404 Note that you can also install from a
108 error 404 tarball, folder, or http url, or git url.
109 error System Linux 3.13.0-79-generic
110 error command "/usr/local/bin/node" "/usr/local/bin/npm" "i" "passport" "passport-vk" "passport-facebook"
111 error cwd /root/work/server
112 error node -v v0.10.32
113 error npm -v 1.4.28
114 error code E404
115 verbose exit [ 1, true ]
